make all --print-data-base --no-builtin-variables --no-builtin-rules --question
make: *** No rule to make target 'all'.  Stop.

# GNU Make 4.3
# Built for x86_64-pc-linux-gnu
# Copyright (C) 1988-2020 Free Software Foundation, Inc.
# License GPLv3+: GNU GPL version 3 or later <http://gnu.org/licenses/gpl.html>
# This is free software: you are free to change and redistribute it.
# There is NO WARRANTY, to the extent permitted by law.

# Make data base, printed on Mon May 23 07:50:41 2022

# Variables

# environment
GDK_BACKEND = x11
# environment
LC_ALL = C
# environment
NO_AT_BRIDGE = 1
# environment
VSCODE_IPC_HOOK_EXTHOST = /run/user/1000/vscode-ipc-f809f5f9-1eec-4bc4-bcae-b172ae58c001.sock
# environment
LC_NAME = es_PE.UTF-8
# environment
LC_NUMERIC = es_PE.UTF-8
# environment
VSCODE_CWD = /home/edgarmejiav
# environment
NVM_DIR = /home/edgarmejiav/.config/nvm
# environment
LC_ADDRESS = es_PE.UTF-8
# default
MAKE_COMMAND := make
# environment
GTK3_MODULES = xapp-gtk3-module
# automatic
@D = $(patsubst %/,%,$(dir $@))
# environment
VSCODE_HANDLES_UNCAUGHT_ERRORS = true
# default
.VARIABLES := 
# environment
PWD = /home/edgarmejiav/Documentos/dts_production
# automatic
%D = $(patsubst %/,%,$(dir $%))
# environment
MAIL = /var/spool/mail/edgarmejiav
# environment
XDG_DATA_DIRS = /usr/local/share:/usr/share:/var/lib/snapd/desktop
# automatic
^D = $(patsubst %/,%,$(dir $^))
# environment
VSCODE_LOG_STACK = false
# automatic
%F = $(notdir $%)
# environment
NVM_INC = /home/edgarmejiav/.config/nvm/versions/node/v14.17.6/include/node
# environment
VSCODE_CODE_CACHE_PATH = /home/edgarmejiav/.config/Code/CachedData/da15b6fd3ef856477bf6f4fb29ba1b7af717770d
# environment
XDG_SESSION_PATH = /org/freedesktop/DisplayManager/Session0
# environment
LANG = C
# environment
XAUTHORITY = /home/edgarmejiav/.Xauthority
# default
.LOADED := 
# default
.INCLUDE_DIRS = /usr/include /usr/local/include /usr/include
# makefile
MAKEFLAGS = pqrR
# makefile
CURDIR := /home/edgarmejiav/Documentos/dts_production
# environment
VSCODE_PIPE_LOGGING = true
# environment
APPLICATION_INSIGHTS_NO_DIAGNOSTIC_CHANNEL = true
# automatic
*D = $(patsubst %/,%,$(dir $*))
# environment
MFLAGS = -pqrR
# environment
SSH_AUTH_SOCK = /run/user/1000/keyring/ssh
# default
.SHELLFLAGS := -c
# environment
NVM_BIN = /home/edgarmejiav/.config/nvm/versions/node/v14.17.6/bin
# environment
QT_LINUX_ACCESSIBILITY_ALWAYS_ON = 1
# automatic
+D = $(patsubst %/,%,$(dir $+))
# environment
XDG_SESSION_DESKTOP = deepin
# makefile (from 'Makefile', line 1)
MAKEFILE_LIST := Makefile
# automatic
@F = $(notdir $@)
# environment
VSCODE_VERBOSE_LOGGING = true
# environment
VSCODE_PID = 3721
# environment
XDG_SESSION_TYPE = x11
# automatic
?D = $(patsubst %/,%,$(dir $?))
# environment
XDG_DATA_HOME = /home/edgarmejiav/.local/share
# automatic
*F = $(notdir $*)
# environment
CHROME_DESKTOP = code-url-handler.desktop
# environment
DBUS_SESSION_BUS_ADDRESS = unix:path=/run/user/1000/bus
# automatic
<D = $(patsubst %/,%,$(dir $<))
# environment
VSCODE_NLS_CONFIG = {"locale":"es","availableLanguages":{"*":"es"},"_languagePackId":"125a9a608456aa5e8a25d0a18c7b1d68.es","_translationsConfigFile":"/home/edgarmejiav/.config/Code/clp/125a9a608456aa5e8a25d0a18c7b1d68.es/tcf.json","_cacheRoot":"/home/edgarmejiav/.config/Code/clp/125a9a608456aa5e8a25d0a18c7b1d68.es","_resolvedLanguagePackCoreLocation":"/home/edgarmejiav/.config/Code/clp/125a9a608456aa5e8a25d0a18c7b1d68.es/da15b6fd3ef856477bf6f4fb29ba1b7af717770d","_corruptedFile":"/home/edgarmejiav/.config/Code/clp/125a9a608456aa5e8a25d0a18c7b1d68.es/corrupted.info","_languagePackSupport":true}
# default
MAKE_HOST := x86_64-pc-linux-gnu
# environment
GNOME_DESKTOP_SESSION_ID = this-is-deprecated
# makefile
SHELL = /bin/sh
# default
MAKECMDGOALS := all
# environment
SHLVL = 1
# environment
MAKELEVEL := 0
# default
MAKE = $(MAKE_COMMAND)
# environment
PATH = /home/edgarmejiav/.local/bin:/home/edgarmejiav/.config/nvm/versions/node/v14.17.6/bin:/home/edgarmejiav/.local/bin:/usr/local/bin:/usr/bin:/bin:/usr/local/sbin:/usr/lib/jvm/default/bin:/usr/bin/site_perl:/usr/bin/vendor_perl:/usr/bin/core_perl:/var/lib/snapd/snap/bin:/usr/lib/jvm/default/bin
# default
MAKEFILES := 
# environment
LANGUAGE = en_US
# environment
LC_MONETARY = es_PE.UTF-8
# environment
MOTD_SHOWN = pam
# automatic
^F = $(notdir $^)
# environment
QT_LOGGING_RULES = *.debug=false
# environment
LC_TIME = es_PE.UTF-8
# environment
XDG_CONFIG_HOME = /home/edgarmejiav/.config
# environment
QT_DBL_CLICK_DIST = 18
# environment
VSCODE_LOG_NATIVE = false
# environment
LC_TELEPHONE = es_PE.UTF-8
# automatic
?F = $(notdir $?)
# environment
XDG_SEAT = seat0
# environment
XDG_CURRENT_DESKTOP = Deepin
# automatic
+F = $(notdir $+)
# environment
XDG_SEAT_PATH = /org/freedesktop/DisplayManager/Seat0
# environment
DESKTOP_SESSION = deepin
# environment
ORIGINAL_XDG_CURRENT_DESKTOP = Deepin
# 'override' directive
GNUMAKEFLAGS := 
# environment
DEEPIN_WINE_SCALE = 1.25
# environment
LOGNAME = edgarmejiav
# environment
GIO_LAUNCHED_DESKTOP_FILE = /usr/share/applications/visual-studio-code.desktop
# environment
XDG_VTNR = 1
# makefile
.DEFAULT_GOAL := push-staging
# environment
EDITOR = /usr/bin/nano
# environment
DISPLAY = :0
# environment
GTK_MODULES = canberra-gtk-module
# environment
USER = edgarmejiav
# default
MAKE_VERSION := 4.3
# environment
LC_MEASUREMENT = es_PE.UTF-8
# environment
GIO_LAUNCHED_DESKTOP_FILE_PID = 3705
# environment
_ = /usr/bin/make
# environment
LC_PAPER = es_PE.UTF-8
# environment
XDG_RUNTIME_DIR = /run/user/1000
# environment
NVM_CD_FLAGS = 
# environment
XDG_SESSION_CLASS = user
# environment
VSCODE_AMD_ENTRYPOINT = vs/workbench/api/node/extensionHostProcess
# environment
GTK2_RC_FILES = /home/edgarmejiav/.gtkrc-2.0
# environment
HOME = /home/edgarmejiav
# environment
ELECTRON_RUN_AS_NODE = 1
# environment
VSCODE_IPC_HOOK = /run/user/1000/vscode-225a428a-1.67.1-main.sock
# environment
XDG_SESSION_ID = 2
# default
.RECIPEPREFIX := 
# automatic
<F = $(notdir $<)
# default
SUFFIXES := 
# environment
XDG_CACHE_HOME = /home/edgarmejiav/.cache
# environment
VSCODE_CLI = 1
# environment
ELECTRON_NO_ATTACH_CONSOLE = 1
# environment
XDG_GREETER_DATA_DIR = /var/lib/lightdm-data/edgarmejiav
# default
.FEATURES := target-specific order-only second-expansion else-if shortest-stem undefine oneshell nocomment grouped-target extra-prereqs archives jobserver output-sync check-symlink guile load
# environment
REACT_EDITOR = code
# environment
GDMSESSION = deepin
# environment
LC_IDENTIFICATION = es_PE.UTF-8
# variable set hash-table stats:
# Load=113/1024=11%, Rehash=0, Collisions=5/143=3%

# Pattern-specific Variable Values

# No pattern-specific variable values.

# Directories

# . (device 66310, inode 3467135): 16 files, no impossibilities.

# 16 files, no impossibilities in 1 directories.

# Implicit Rules

# No implicit rules.

# Files

push-main:
#  Implicit rule search has not been done.
#  Modification time never checked.
#  File has not been updated.
#  recipe to execute (from 'Makefile', line 9):
	git checkout main
	git pull
	git add .
	git commit -m "autocommit"
	git push -u origin main

# Not a target:
Makefile:
#  Implicit rule search has been done.
#  Last modified 2022-05-17 15:42:09.203547425
#  File has been updated.
#  Successfully updated.

push-staging:
#  Implicit rule search has not been done.
#  Modification time never checked.
#  File has not been updated.
#  recipe to execute (from 'Makefile', line 2):
	git checkout staging
	git pull
	git add .
	git commit -m "autocommit"
	git push -u origin staging

# Not a target:
.DEFAULT:
#  Implicit rule search has not been done.
#  Modification time never checked.
#  File has not been updated.

# Not a target:
all:
#  Command line target.
#  Implicit rule search has been done.
#  File does not exist.
#  File has not been updated.

# files hash-table stats:
# Load=6/1024=1%, Rehash=0, Collisions=0/16=0%
# VPATH Search Paths

# No 'vpath' search paths.

# No general ('VPATH' variable) search path.

# strcache buffers: 1 (0) / strings = 23 / storage = 195 B / avg = 8 B
# current buf: size = 8162 B / used = 195 B / count = 23 / avg = 8 B

# strcache performance: lookups = 29 / hit rate = 20%
# hash-table stats:
# Load=23/8192=0%, Rehash=0, Collisions=0/29=0%
# Finished Make data base on Mon May 23 07:50:41 2022

 
